<?xml version="1.0" encoding="UTF-8"?>
<!-- Generated by org.testng.reporters.JUnitReportReporter -->
<testsuite skipped="0" hostname="DESKTOP-02VH8T6" name="test.senario1" tests="1" failures="0" timestamp="2020-05-11T22:46:29 EET" time="1.799" errors="0">
  <testcase name="test_login_func_correct" time="1.799" classname="test.senario1"/>
</testsuite> <!-- test.senario1 -->
